2025-08-12 00:20:37,102 [INFO] Step-1: Folder created: uploads\87131074-109e-4ebd-a70c-22178cd2fa03
2025-08-12 00:20:37,105 [INFO] Step-2: File sent {'New Text Document.txt': 'uploads\\87131074-109e-4ebd-a70c-22178cd2fa03\\New Text Document.txt'}
2025-08-12 00:20:37,105 [INFO] Step-3: Getting scrap code and metadata from llm. Tries count = 0
2025-08-12 00:20:48,232 [INFO] Step-3: Response from scrapping: scatterplot of Rank and Peak along with a dotted red regression line through it. Return as a base-64 encoded data URI, "data:image/png;base64,iVBORw0..." under 100,000 bytes.']}
2025-08-12 00:20:54,781 [INFO] Step-4: Execution result of the scrape code: 22, in execute_code exec(code, exec_globals) ~~~~^^^^^^^^^^^^^^^^^^^^ File "<string>", line 57 metadata_buffer.write("[""answer_to_Q1"", ""answer_to_Q2"", ""answer_to_Q3"", ""data:image/png;base64,..."]") ^ SyntaxError: closing parenthesis ']' does not match opening parenthesis '('
2025-08-12 00:20:54,782 [ERROR] Step-4: Error occured while scrapping. Tries count = 0
2025-08-12 00:21:05,848 [INFO] Step-3: Response from scrapping: bn?', "What's the correlation between the Rank and Peak?", 'Draw a scatterplot of Rank and Peak along with a dotted red regression line through it.']}
2025-08-12 00:21:13,831 [INFO] Step-4: Execution result of the scrape code: _finalize_columns_and_data(arr, columns, dtype) ~~~~~~~~~~~~~~~~~~~~~~~~~~^^^^^^^^^^^^^^^^^^^^^ File "C:\Users\goura\OneDrive\Desktop\final project 1\TDS_project2-main\venv\Lib\site-packages\pandas\core\internals\construction.py", line 942, in _finalize_columns_and_data raise ValueError(err) from err ValueError: 56 columns passed, passed data had 6 columns
2025-08-12 00:21:13,831 [ERROR] Step-4: Error occured while scrapping. Tries count = 1
2025-08-12 00:21:44,641 [INFO] Step-3: Response from scrapping: scatterplot of Rank and Peak along with a dotted red regression line through it. Return as a base-64 encoded data URI, "data:image/png;base64,iVBORw0KG..." under 100,000 bytes.']}
2025-08-12 00:21:53,173 [INFO] Step-5: Getting execution code from llm. Tries count = 0
2025-08-12 00:22:32,694 [INFO] Step-5: Response from llm: data URI to results results["scatterplot_rank_peak"] = img_data_uri # --- 4. Save the results to JSON file --- with open(output_file_path, 'w') as f: json.dump(results, f, indent=2)
2025-08-12 00:22:32,695 [INFO] Step-6: Executing final code. Tries count = 0
2025-08-12 00:22:42,820 [INFO] Step-6: Executing final code result: File "C:\Users\goura\OneDrive\Desktop\final project 1\TDS_project2-main\venv\Lib\site-packages\pandas\core\frame.py", line 4107, in __getitem__ indexer = self.columns.get_loc(key) File "C:\Users\goura\OneDrive\Desktop\final project 1\TDS_project2-main\venv\Lib\site-packages\pandas\core\indexes\base.py", line 3819, in get_loc raise KeyError(key) from err KeyError: 'Film'
2025-08-12 00:22:42,820 [ERROR] Step-6: Error occured while executing code. Tries count = 2
2025-08-12 00:22:42,820 [INFO] Step-5: Getting execution code from llm. Tries count = 1
2025-08-12 00:23:17,465 [INFO] Step-5: Response from llm: q2_earliest_film, "q3_answer": q3_correlation, "q4_answer": image_uri } # Save results to the specified JSON file output_path = "uploads/87131074-109e-4ebd-a70c-22178cd2fa03/result.json" with open(output_path, "w") as f: json.dump(results, f, indent=4)
2025-08-12 00:23:26,097 [INFO] Step-6: Executing final code result: 1\TDS_project2-main\task_engine.py", line 22, in execute_code exec(code, exec_globals) ~~~~^^^^^^^^^^^^^^^^^^^^ File "<string>", line 78, in <module> ValueError: Required column 'Film' not found after data scraping and cleaning.
2025-08-12 00:23:26,097 [ERROR] Step-6: Error occured while executing code. Tries count = 3
2025-08-12 00:23:26,098 [INFO] Step-5: Getting execution code from llm. Tries count = 1
2025-08-12 00:24:14,466 [INFO] Step-5: Response from llm: Rank and Peak?", "answer_3": q3_answer, "question_4": "Scatterplot of Rank and Peak with regression line", "answer_4": q4_answer } with open(output_file_path, "w") as f: json.dump(results, f, indent=4)
2025-08-12 00:24:32,552 [INFO] Step-6: Executing final code result: A Star Wars Story', 'Aladdin', 'Star Wars: Episode I – The Phantom Menace', 'Pirates of the Caribbean: On Stranger Tides', 'Jurassic Park', 'Despicable Me 3']
2025-08-12 00:24:32,552 [ERROR] Step-6: Error occured while executing code. Tries count = 4
2025-08-12 00:24:32,552 [INFO] Step-5: Getting execution code from llm. Tries count = 1
2025-08-12 00:24:59,518 [INFO] Step-5: Response from llm: $1.5 bn?"] = error_message results["What's the correlation between the Rank and Peak?"] = error_message results["scatterplot_rank_peak"] = error_message with open(result_file_path, 'w') as f: json.dump(results, f, indent=4)
2025-08-12 00:25:08,480 [INFO] Step-7: send result back
